
SQL*Loader: Release 11.2.0.2.0 - Production on Sun Apr 5 23:29:00 2015

Copyright (c) 1982, 2009, Oracle and/or its affiliates.  All rights reserved.

Control File:   yelptips.ctl
Data File:      C:\Users\Tom\Documents\CS327E\Yelp\yelp_dataset_challenge_academic_dataset\yelp_academic_dataset_tip_notext.csv
  Bad File:     yelp_academic_dataset_tip_notext.bad
  Discard File:  none specified
 
 (Allow all discards)

Number to load: ALL
Number to skip: 0
Errors allowed: 50
Bind array:     64 rows, maximum of 256000 bytes
Continuation:    none specified
Path used:      Conventional

Table TIPS, loaded from every logical record.
Insert option in effect for this table: INSERT

   Column Name                  Position   Len  Term Encl Datatype
------------------------------ ---------- ----- ---- ---- ---------------------
USER_ID                             FIRST     *   ,  O(") CHARACTER            
TIP_ID                               NEXT     *   ,  O(") CHARACTER            
BUSINESS_ID                          NEXT     *   ,  O(") CHARACTER            
LIKES                                NEXT     *   ,  O(") CHARACTER            
TIP_DATE                             NEXT     *   ,  O(") CHARACTER            
TYPE_DESC                            NEXT     *   ,  O(") CHARACTER            

Record 1: Rejected - Error on table TIPS, column TIP_ID.
ORA-01722: invalid number


Table TIPS:
  495107 Rows successfully loaded.
  1 Row not loaded due to data errors.
  0 Rows not loaded because all WHEN clauses were failed.
  0 Rows not loaded because all fields were null.


Space allocated for bind array:                  99072 bytes(64 rows)
Read   buffer bytes: 1048576

Total logical records skipped:          0
Total logical records read:        495108
Total logical records rejected:         1
Total logical records discarded:        0

Run began on Sun Apr 05 23:29:00 2015
Run ended on Sun Apr 05 23:29:08 2015

Elapsed time was:     00:00:08.11
CPU time was:         00:00:01.28
